C51 COMPILER V9.00   LED_SSD_IOT                                                           01/01/2002 01:10:22 PAGE 1   


C51 COMPILER V9.00, COMPILATION OF MODULE LED_SSD_IOT
OBJECT MODULE PLACED IN led_ssd_iot.OBJ
COMPILER INVOKED BY: C:\Keil-abc1\C51\BIN\C51.EXE led_ssd_iot.c BROWSE DEBUG OBJECTEXTEND

line level    source

   1          //kit 1 for webpage local as well as feedback for kit2
   2          //this is final program from esp8266 to 8051 combinatin of leds...
   3          
   4          #include<reg51.h>
   5          #define ssd P0
   6          #define led P1
   7          #define sl P2
   8          
   9          void delay(unsigned int time);
  10          void display();
  11          
  12          unsigned char var,ds1,ds2,ds3,ds4;
  13          code unsigned char disp[10]={0x60,0xDA,0xF2,0x66,0xB6,0xBE,0xE0,0xFE};
  14          //code unsigned char led_val[10]={0xfe,0xfd,0xfb,0xf7,0xef,0xdf,0xbf,0x7f};
  15          code unsigned char led_val[10]={0x01,0x02,0x04,0x08,0x10,0x20,0x40,0x80};
  16          
  17          void main()
  18          {
  19   1              led=ds1=ds2=ds3=ds4=0x00;
  20   1              ds4=0x1c;               //for L
  21   1              ds3=0xde;               //for e
  22   1              ds2=0x7a;               //for d
  23   1              
  24   1      while(1)
  25   1              {
  26   2                      P2=0xe0;
  27   2                      var=P2&0xE0;
  28   2                      led=led_val[var>>5];       //msb data shift by 5 
  29   2                      ds1=disp[var>>5];          //sending data on zeroth position from 5th position
  30   2                      display();                   //from 5 6 7 to 0 1 2 
  31   2                      led=ds1=0x00;
  32   2              }
  33   1      }
  34          
  35          
  36          
  37          
  38          void display()
  39          {
  40   1              sl=0x0e;        
  41   1              ssd=ds1;
  42   1              delay(5);
  43   1              sl=0x0d;        
  44   1              ssd=ds2;  //for d
  45   1              delay(5);
  46   1              sl=0x0b;        
  47   1              ssd=ds3; //for e
  48   1              delay(5);
  49   1              sl=0x07;        
  50   1              ssd=ds4; //for L
  51   1              delay(5);
  52   1      }
  53          
  54          void delay(unsigned int time)
  55          {
C51 COMPILER V9.00   LED_SSD_IOT                                                           01/01/2002 01:10:22 PAGE 2   

  56   1              unsigned int i,j;
  57   1              for(i=0;i<time;i++)
  58   1                      for(j=0;j<=120;j++);
  59   1      }
  60          
  61          
  62          


MODULE INFORMATION:   STATIC OVERLAYABLE
   CODE SIZE        =    133    ----
   CONSTANT SIZE    =     20    ----
   XDATA SIZE       =   ----    ----
   PDATA SIZE       =   ----    ----
   DATA SIZE        =      5    ----
   IDATA SIZE       =   ----    ----
   BIT SIZE         =   ----    ----
END OF MODULE INFORMATION.


C51 COMPILATION COMPLETE.  0 WARNING(S),  0 ERROR(S)
