C51 COMPILER V9.00   KIT_1_PROJECT_2                                                       03/07/2019 12:23:34 PAGE 1   


C51 COMPILER V9.00, COMPILATION OF MODULE KIT_1_PROJECT_2
OBJECT MODULE PLACED IN kit_1_project_2.OBJ
COMPILER INVOKED BY: C:\Keil8051\C51\BIN\C51.EXE kit_1_project_2.c BROWSE DEBUG OBJECTEXTEND

line level    source

   1          //Arest 8051 kit 1 program with esp8266
   2          //8/oct/2018 little modified for kit-1 with esp8266 from fingedesigner website
   3          
   4          #include<reg51.h>
   5          #define ssd P0  //port 0 for seven segment
   6          #define led P1  //port 1 for led indication as well as feed to another kit2
   7          #define sl P2  //port 2 (p2.5,6,7) getting signal from esp8266 
   8          
   9          void delay(unsigned int time);
  10          void display();
  11          
  12          unsigned char var,ds1,ds2,ds3,ds4;
  13          code unsigned char disp[10]={0x00,0x60,0xDA,0xF2,0x66,0xB6,0xBE,0xE0,0xFE};
  14          
  15          //code unsigned char led_val[10]={0xfe,0xfd,0xfb,0xf7,0xef,0xdf,0xbf,0x7f};
  16          
  17          code unsigned char led_val[10]={0x00,0x01,0x02,0x04,0x08,0x10,0x20,0x40,0x80};
  18          
  19          unsigned char first_time,sec;
  20          
  21          void main()
  22          {
  23   1              led=ds1=ds2=ds3=ds4=0x00;  //LEDs on port 1 with ds1,2,3,4 variable
  24   1                      P2=0xE0;
  25   1                      
  26   1              //first_time=1;
  27   1              while(1)
  28   1              {
  29   2                      P2=0xe0;
  30   2                      //Port_2 = oxff,it was absent in previous program 
  31   2                        //new modification port 2 should be high pull up 8/oct/2018
  32   2                      //P2=0X00 SL ALSO P2;
  33   2                      var=P2&0xE0; //signal from esp8266 to p2.5,6,7 checking
  34   2                       //if(first_time==1)
  35   2                   //{
  36   2                         if((var>>5)==0x00)  //it shoud not be 0x00 /0x70 here is 0x07
  37   2                         {
  38   3                              ds4=0xFc;               //for 'O' pattern on seven segment
  39   3                              ds3=0x8e;               //for 'F'
  40   3                              ds2=0x8e;               //for 'F'
  41   3                              ds1=0x00;
  42   3                              //P2=0xF0;
  43   3                              var=P2&0xE0;
  44   3                              led=led_val[var>>5]; //ON PORT 1=shifting 3bits by 5 to zeroth position
  45   3                              ds1=disp[var>>5];  
  46   3                          }   
  47   2                       // }
  48   2                 
  49   2                 else
  50   2                        {
  51   3                              ds4=0x1c;               //for L
  52   3                              ds3=0xde;               //for e
  53   3                              ds2=0x7a;               //for d
  54   3                              var=P2&0xE0;
  55   3                              led=led_val[var>>5]; //ON PORT 1=shifting 3bits by 5 to zeroth position
C51 COMPILER V9.00   KIT_1_PROJECT_2                                                       03/07/2019 12:23:34 PAGE 2   

  56   3                              ds1=disp[var>>5];  //data on ds1 for disply on port 0
  57   3                          //P2=0x00;
  58   3                              //first_time=0; 
  59   3                         }
  60   2                       
  61   2                              display();
  62   2                             led=ds1=0x00; //port 1 = led
  63   2                              //P2=0x00;
  64   2              }
  65   1       }
  66          
  67          void display()
  68          {
  69   1              sl&=0xf0;
  70   1              sl|=0x0e; //P2 =0X0E    
  71   1              ssd=ds1;  //SSD = P0 =DS1
  72   1              delay(5);
  73   1      
  74   1              sl&=0xf0;
  75   1              sl=0x0d;        
  76   1              ssd=ds2;
  77   1              delay(5);
  78   1      
  79   1              sl&=0xf0;
  80   1              sl=0x0b;        
  81   1              ssd=ds3;
  82   1              delay(5);
  83   1      
  84   1              sl&=0xf0;
  85   1              sl=0x07;        
  86   1              ssd=ds4;
  87   1              delay(5);
  88   1      }
  89          
  90          void delay(unsigned int time)
  91          {
  92   1              unsigned int i,j;
  93   1              for(i=0;i<time;i++)
  94   1                      for(j=0;j<=120;j++);
  95   1      }


MODULE INFORMATION:   STATIC OVERLAYABLE
   CODE SIZE        =    173    ----
   CONSTANT SIZE    =     20    ----
   XDATA SIZE       =   ----    ----
   PDATA SIZE       =   ----    ----
   DATA SIZE        =      7    ----
   IDATA SIZE       =   ----    ----
   BIT SIZE         =   ----    ----
END OF MODULE INFORMATION.


C51 COMPILATION COMPLETE.  0 WARNING(S),  0 ERROR(S)
